<html>
<body>
<pre>
<h1>Build Log</h1>
<h3>
--------------------Configuration: xiti4 - Win32 Debug--------------------
</h3>
<h3>Command Lines</h3>
Creating temporary file "C:\Users\HIDE松~1\AppData\Local\Temp\RSPB2F0.tmp" with contents
[
/nologo /MLd /W3 /Gm /GX /ZI /Od /D "WIN32" /D "_DEBUG" /D "_CONSOLE" /D "_MBCS" /Fp"Debug/xiti4.pch" /YX /Fo"Debug/" /Fd"Debug/" /FD /GZ /c 
"C:\Users\hide松本秀人\Desktop\c7\习题4\xiti4.cpp"
]
Creating command line "cl.exe @"C:\Users\HIDE松~1\AppData\Local\Temp\RSPB2F0.tmp"" 
Creating temporary file "C:\Users\HIDE松~1\AppData\Local\Temp\RSPB2F1.tmp" with contents
[
kernel32.lib user32.lib gdi32.lib winspool.lib comdlg32.lib advapi32.lib shell32.lib ole32.lib oleaut32.lib uuid.lib odbc32.lib odbccp32.lib /nologo /subsystem:console /incremental:yes /pdb:"Debug/xiti4.pdb" /debug /machine:I386 /out:"Debug/xiti4.exe" /pdbtype:sept 
".\Debug\xiti4.obj"
]
Creating command line "link.exe @"C:\Users\HIDE松~1\AppData\Local\Temp\RSPB2F1.tmp""
<h3>Output Window</h3>
Compiling...
xiti4.cpp
C:\Users\hide松本秀人\Desktop\c7\习题4\xiti4.cpp(3) : warning C4518: 'int ' : storage-class or type specifier(s) unexpected here; ignored
C:\Users\hide松本秀人\Desktop\c7\习题4\xiti4.cpp(3) : error C2146: syntax error : missing ';' before identifier 'b'
C:\Users\hide松本秀人\Desktop\c7\习题4\xiti4.cpp(3) : fatal error C1004: unexpected end of file found
Error executing cl.exe.



<h3>Results</h3>
xiti4.exe - 2 error(s), 1 warning(s)
</pre>
</body>
</html>
